  __    _____ 
 /_ |  | ____|
  | |  | |__  
  | |  |___ \ 
  | |   ___| )
  |_|  |____/ 
 ___      __   _____  _  _   _____  _____ 
|_   \   / /  | ____|| || | |___  ||___  |
   ) |  / /_  | |__  | || |    / /    / / 
  / /  | '_ \ |___ \ |__  |   / /    / /  
 / /_  | (_) | ___| )   | |  / /    / /   
|____|  \___/ |____/    |_| /_/    /_/    
 _____    __     __   _  _  
| ____|  / /    / /  | || | 
| |__   / /_   / /_  | || | 
|___ \ | '_ \ | '_ \ |__  | 
 ___| )| (_) || (_) |   | | 
|____/  \___/  \___/    |_| 
 ___    ____   _____ 
|_   \ |___ \ | ____|
   ) |   __) || |__  
  / /   |__ < |___ \ 
 / /_   ___) | ___| )
|____| |____/ |____/ 
