@@@@@@@@@@@@@@@@@@@@@@@@@@@@@@@@@@@@@@@@@@@@@@@@@@@@@@@@@@@@@@@@@@@@@@@@@@@@@@@@
@#@###@CCC@@@@CCCC@##@@CC@@CC@CCCC@C@CCC@@#@###@##@#@@##@#@######@###@##@@@####@
@##@###@CCCCC@C@CCC@##@@CCCCC@@CCCCCCCCC@##@##@##@@###@#@@@#@@@@#@@@@@#####@@##@
@@@#@@@CCCCCC@CCCC@###@@CCC@CCCCCC@C@@CC@##@####@@#######@######@@#@@#####@####@
@@#####@CCCC@C@CCC@##@@#@C@@CC@CCC@C@CCC@#@#######@##@#@###@#@###@##@@@#@@@#@##@
@#####@@@C@CCCC@C@@@@CC@C@CCCCCC@CCC@C@CC@###@@###@@@######@@@##@#@@@######@@##@
@##@#@CCCCCCCCC@C@C@C@CCCCCCCCCCCCC@CCC@@#@###@#@#@#@##@##@#####@@@#@##@##@@@#@@
@##@#@CC@C@@@@CCCCCCCCC@@C@C@C@@CCCCCC@C@#@@#@@#@#####@###@@#####@#@#@#@@####@#@
@###@@CCCCCCC@CCCC@CC@CCC@CCCCC@CC@CCCCC@@CC@@###@#@@##@#@#######@@@###@#@@####@
@@#@C@C@@C@@CCC@C@@C@C@CC@CC@C@@CCC@CCCCCC@C@#@@#######@####@#####@#@@@@##@####@
@##@CC@CC@CCC@CCCCCCCC@C@@C@CCC@@CCC@CC@@CCCC@@######@###@######@@##@@@###@#@##@
@@#@C@CC@@C@CCC@@CCCCC@CCCCC@CCCCC@@@CC@@C@C@####@##@#####@##@@###@#####@###@##@
@@@CCCCC@#@CCC@C@CC@CCCC@CCCC@CC@CCCCC@CCC@@#@##@###@@@#@#####@####@#####@####@@
@@@CC@CC@@C@CCCCCCC@@CC@CC@CCCC@@CCC@C@@CCC@#@#@###@####@##@#@#######@#######@@@
@CCCC@C@CCCCC@C@CCCCCCCC@@@CC@@C@CC@#@C@@C@##@########@#@####@####@@@###@#@####@
@CC@C@C@@CC@C@CC@@@CC@@CC@@@C@CCCCCC@CC@@C@#@#@@@@########@###@###@@#@#@#######@
@@CC@CCCC@C@@@C@@@@CC@#@@CCC@CCC@C@@CC@#@C@@###@@@@#@#@#@@###@##@#########@####@
@@@@@C@CCCCCC@@C@#@CCC@##@CCC@@CCCCCC@###@####@###@@@@##@@###########@@#####@@@@
@@##@CCCCCCC@CCC@@CC@C@@#@C@CCCCC@@@@@######@@##@@#@@##@###@###@##@@#####@@@@@#@
@###@C@CC@CCCC@@C@C@CCC@@CCC@@@@CCC@###@#@#####@@##@#####@#@#####@@##@#@@######@
@####@CCCC@@@C@@CCCCCCCC@@CCCCC@CCC@@@###@@###@######@@##@##@@#@###@##@#@##@##@@
@@@@@@@@@@@@@@@@@@@@@@@@@@@@@@@@@@@@@@@@@@@@@@@@@@@@@@@@@@@@@@@@@@@@@@@@@@@@@@@@
